Closing JPA EntityManagerFactory for persistence unit 'default'
Shutting down ExecutorService 'applicationTaskExecutor'
HikariPool-1 - Shutdown initiated...
HikariPool-1 - Shutdown completed.
Starting SellApplication on 192.168.3.5 with PID 19002 (/Users/lawrence/idea_projects/sell/target/classes started by lawrence in /Users/lawrence/idea_projects/sell)
No active profile set, falling back to default profiles: default
Bootstrapping Spring Data JPA repositories in DEFERRED mode.
Finished Spring Data repository scanning in 79ms. Found 2 JPA repository interfaces.
Tomcat initialized with port(s): 8080 (http)
Initializing ProtocolHandler ["http-nio-8080"]
Starting service [Tomcat]
Starting Servlet engine: [Apache Tomcat/9.0.35]
Initializing Spring embedded WebApplicationContext
Root WebApplicationContext: initialization completed in 1750 ms
Initializing ExecutorService 'applicationTaskExecutor'
HikariPool-1 - Starting...
HikariPool-1 - Start completed.
HHH000204: Processing PersistenceUnitInfo [name: default]
spring.jpa.open-in-view is enabled by default. Therefore, database queries may be performed during view rendering. Explicitly configure spring.jpa.open-in-view to disable this warning
HHH000412: Hibernate ORM core version 5.4.15.Final
HCANN000001: Hibernate Commons Annotations {5.1.0.Final}
HHH000400: Using dialect: org.hibernate.dialect.MySQL57Dialect
HHH000490: Using JtaPlatform implementation: [org.hibernate.engine.transaction.jta.platform.internal.NoJtaPlatform]
Initialized JPA EntityManagerFactory for persistence unit 'default'
Starting ProtocolHandler ["http-nio-8080"]
Tomcat started on port(s): 8080 (http) with context path '/sell'
Triggering deferred initialization of Spring Data repositories…
Spring Data repositories initialized!
Started SellApplication in 4.405 seconds (JVM running for 5.223)
Initializing Spring DispatcherServlet 'dispatcherServlet'
Initializing Servlet 'dispatcherServlet'
Completed initialization in 8 ms
Closing JPA EntityManagerFactory for persistence unit 'default'
Shutting down ExecutorService 'applicationTaskExecutor'
HikariPool-1 - Shutdown initiated...
HikariPool-1 - Shutdown completed.
Starting SellApplication on 192.168.3.5 with PID 19100 (/Users/lawrence/idea_projects/sell/target/classes started by lawrence in /Users/lawrence/idea_projects/sell)
No active profile set, falling back to default profiles: default
Bootstrapping Spring Data JPA repositories in DEFERRED mode.
Finished Spring Data repository scanning in 97ms. Found 2 JPA repository interfaces.
Tomcat initialized with port(s): 8080 (http)
Initializing ProtocolHandler ["http-nio-8080"]
Starting service [Tomcat]
Starting Servlet engine: [Apache Tomcat/9.0.35]
Initializing Spring embedded WebApplicationContext
Root WebApplicationContext: initialization completed in 1897 ms
Initializing ExecutorService 'applicationTaskExecutor'
HikariPool-1 - Starting...
HikariPool-1 - Start completed.
HHH000204: Processing PersistenceUnitInfo [name: default]
spring.jpa.open-in-view is enabled by default. Therefore, database queries may be performed during view rendering. Explicitly configure spring.jpa.open-in-view to disable this warning
HHH000412: Hibernate ORM core version 5.4.15.Final
HCANN000001: Hibernate Commons Annotations {5.1.0.Final}
HHH000400: Using dialect: org.hibernate.dialect.MySQL57Dialect
HHH000490: Using JtaPlatform implementation: [org.hibernate.engine.transaction.jta.platform.internal.NoJtaPlatform]
Initialized JPA EntityManagerFactory for persistence unit 'default'
Starting ProtocolHandler ["http-nio-8080"]
Tomcat started on port(s): 8080 (http) with context path '/sell'
Triggering deferred initialization of Spring Data repositories…
Spring Data repositories initialized!
Started SellApplication in 6.229 seconds (JVM running for 7.062)
Initializing Spring DispatcherServlet 'dispatcherServlet'
Initializing Servlet 'dispatcherServlet'
Completed initialization in 10 ms
Closing JPA EntityManagerFactory for persistence unit 'default'
Shutting down ExecutorService 'applicationTaskExecutor'
HikariPool-1 - Shutdown initiated...
HikariPool-1 - Shutdown completed.
Starting SellApplication on 192.168.3.5 with PID 19128 (/Users/lawrence/idea_projects/sell/target/classes started by lawrence in /Users/lawrence/idea_projects/sell)
No active profile set, falling back to default profiles: default
Bootstrapping Spring Data JPA repositories in DEFERRED mode.
Finished Spring Data repository scanning in 129ms. Found 2 JPA repository interfaces.
Tomcat initialized with port(s): 8080 (http)
Initializing ProtocolHandler ["http-nio-8080"]
Starting service [Tomcat]
Starting Servlet engine: [Apache Tomcat/9.0.35]
Initializing Spring embedded WebApplicationContext
Root WebApplicationContext: initialization completed in 2066 ms
Initializing ExecutorService 'applicationTaskExecutor'
HikariPool-1 - Starting...
HikariPool-1 - Start completed.
HHH000204: Processing PersistenceUnitInfo [name: default]
spring.jpa.open-in-view is enabled by default. Therefore, database queries may be performed during view rendering. Explicitly configure spring.jpa.open-in-view to disable this warning
HHH000412: Hibernate ORM core version 5.4.15.Final
HCANN000001: Hibernate Commons Annotations {5.1.0.Final}
HHH000400: Using dialect: org.hibernate.dialect.MySQL57Dialect
HHH000490: Using JtaPlatform implementation: [org.hibernate.engine.transaction.jta.platform.internal.NoJtaPlatform]
Initialized JPA EntityManagerFactory for persistence unit 'default'
Starting ProtocolHandler ["http-nio-8080"]
Tomcat started on port(s): 8080 (http) with context path '/sell'
Triggering deferred initialization of Spring Data repositories…
Spring Data repositories initialized!
Started SellApplication in 4.583 seconds (JVM running for 5.531)
Initializing Spring DispatcherServlet 'dispatcherServlet'
Initializing Servlet 'dispatcherServlet'
Completed initialization in 7 ms
Closing JPA EntityManagerFactory for persistence unit 'default'
Shutting down ExecutorService 'applicationTaskExecutor'
HikariPool-1 - Shutdown initiated...
HikariPool-1 - Shutdown completed.
Starting SellApplication on 192.168.3.5 with PID 19317 (/Users/lawrence/idea_projects/sell/target/classes started by lawrence in /Users/lawrence/idea_projects/sell)
No active profile set, falling back to default profiles: default
Bootstrapping Spring Data JPA repositories in DEFERRED mode.
Finished Spring Data repository scanning in 71ms. Found 2 JPA repository interfaces.
Tomcat initialized with port(s): 8080 (http)
Initializing ProtocolHandler ["http-nio-8080"]
Starting service [Tomcat]
Starting Servlet engine: [Apache Tomcat/9.0.35]
Initializing Spring embedded WebApplicationContext
Root WebApplicationContext: initialization completed in 1809 ms
Initializing ExecutorService 'applicationTaskExecutor'
HikariPool-1 - Starting...
HikariPool-1 - Start completed.
HHH000204: Processing PersistenceUnitInfo [name: default]
HHH000412: Hibernate ORM core version 5.4.15.Final
spring.jpa.open-in-view is enabled by default. Therefore, database queries may be performed during view rendering. Explicitly configure spring.jpa.open-in-view to disable this warning
HCANN000001: Hibernate Commons Annotations {5.1.0.Final}
HHH000400: Using dialect: org.hibernate.dialect.MySQL57Dialect
HHH000490: Using JtaPlatform implementation: [org.hibernate.engine.transaction.jta.platform.internal.NoJtaPlatform]
Initialized JPA EntityManagerFactory for persistence unit 'default'
Starting ProtocolHandler ["http-nio-8080"]
Tomcat started on port(s): 8080 (http) with context path '/sell'
Triggering deferred initialization of Spring Data repositories…
Spring Data repositories initialized!
Started SellApplication in 4.469 seconds (JVM running for 5.34)
Initializing Spring DispatcherServlet 'dispatcherServlet'
Initializing Servlet 'dispatcherServlet'
Completed initialization in 6 ms
Closing JPA EntityManagerFactory for persistence unit 'default'
Shutting down ExecutorService 'applicationTaskExecutor'
HikariPool-1 - Shutdown initiated...
HikariPool-1 - Shutdown completed.
Starting SellApplication on 192.168.3.5 with PID 19426 (/Users/lawrence/idea_projects/sell/target/classes started by lawrence in /Users/lawrence/idea_projects/sell)
No active profile set, falling back to default profiles: default
Bootstrapping Spring Data JPA repositories in DEFERRED mode.
Finished Spring Data repository scanning in 88ms. Found 2 JPA repository interfaces.
Tomcat initialized with port(s): 8080 (http)
Initializing ProtocolHandler ["http-nio-8080"]
Starting service [Tomcat]
Starting Servlet engine: [Apache Tomcat/9.0.35]
Initializing Spring embedded WebApplicationContext
Root WebApplicationContext: initialization completed in 1872 ms
Initializing ExecutorService 'applicationTaskExecutor'
HikariPool-1 - Starting...
HikariPool-1 - Start completed.
HHH000204: Processing PersistenceUnitInfo [name: default]
spring.jpa.open-in-view is enabled by default. Therefore, database queries may be performed during view rendering. Explicitly configure spring.jpa.open-in-view to disable this warning
HHH000412: Hibernate ORM core version 5.4.15.Final
HCANN000001: Hibernate Commons Annotations {5.1.0.Final}
HHH000400: Using dialect: org.hibernate.dialect.MySQL57Dialect
HHH000490: Using JtaPlatform implementation: [org.hibernate.engine.transaction.jta.platform.internal.NoJtaPlatform]
Initialized JPA EntityManagerFactory for persistence unit 'default'
Starting ProtocolHandler ["http-nio-8080"]
Tomcat started on port(s): 8080 (http) with context path '/sell'
Triggering deferred initialization of Spring Data repositories…
Spring Data repositories initialized!
Started SellApplication in 4.388 seconds (JVM running for 5.259)
Initializing Spring DispatcherServlet 'dispatcherServlet'
Initializing Servlet 'dispatcherServlet'
Completed initialization in 9 ms
Closing JPA EntityManagerFactory for persistence unit 'default'
Shutting down ExecutorService 'applicationTaskExecutor'
HikariPool-1 - Shutdown initiated...
HikariPool-1 - Shutdown completed.
Starting SellApplication on 192.168.3.5 with PID 19720 (/Users/lawrence/idea_projects/sell/target/classes started by lawrence in /Users/lawrence/idea_projects/sell)
No active profile set, falling back to default profiles: default
Bootstrapping Spring Data JPA repositories in DEFERRED mode.
Finished Spring Data repository scanning in 79ms. Found 2 JPA repository interfaces.
Tomcat initialized with port(s): 8080 (http)
Initializing ProtocolHandler ["http-nio-8080"]
Starting service [Tomcat]
Starting Servlet engine: [Apache Tomcat/9.0.35]
Initializing Spring embedded WebApplicationContext
Root WebApplicationContext: initialization completed in 2108 ms
Initializing ExecutorService 'applicationTaskExecutor'
HikariPool-1 - Starting...
HikariPool-1 - Start completed.
HHH000204: Processing PersistenceUnitInfo [name: default]
spring.jpa.open-in-view is enabled by default. Therefore, database queries may be performed during view rendering. Explicitly configure spring.jpa.open-in-view to disable this warning
HHH000412: Hibernate ORM core version 5.4.15.Final
